Results generated by BModes (v1.03.01, 25-Sept-2007, compiled using double precision) on 22-Sep-2020 at 12:54:06.
Created 22-Sep-2020 12:54:06.                                                                      
=================================================================================

            rotating blade frequencies & mode shapes
            --- only first  20 modes printed


 -------- Mode No.   1  (freq = 0.67987E+00 Hz)

span_loc	flap disp	flap slope	lag disp	lag slope	twist

 0.0000	 0.000000	 0.000000	 0.000000	 0.000000	 0.000000
 0.0250	 	 	 	 	-0.000046
 0.0500	 0.000055	 0.002226	 0.000008	 0.000309	-0.000093
 0.0750	 	 	 	 	-0.000180
 0.1000	 0.000266	 0.006348	 0.000039	 0.000978	-0.000267
 0.1250	 	 	 	 	-0.000448
 0.1500	 0.000742	 0.013069	 0.000114	 0.002075	-0.000629
 0.1750	 	 	 	 	-0.000875
 0.2000	 0.001567	 0.020609	 0.000248	 0.003381	-0.001119
 0.2250	 	 	 	 	-0.002215
 0.2500	 0.002841	 0.031427	 0.000460	 0.005231	-0.003303
 0.2750	 	 	 	 	-0.005414
 0.3000	 0.004673	 0.043406	 0.000763	 0.007160	-0.007503
 0.3250	 	 	 	 	-0.009792
 0.3500	 0.007105	 0.055979	 0.001161	 0.009093	-0.012044
 0.3750	 	 	 	 	-0.014496
 0.4000	 0.010179	 0.069663	 0.001656	 0.011089	-0.016892
 0.4250	 	 	 	 	-0.019461
 0.4500	 0.013976	 0.085531	 0.002252	 0.013248	-0.021954
 0.4750	 	 	 	 	-0.024660
 0.5000	 0.018632	 0.104671	 0.002959	 0.015625	-0.027263
 0.5250	 	 	 	 	-0.030210
 0.5500	 0.024327	 0.127921	 0.003788	 0.018203	-0.033014
 0.5750	 	 	 	 	-0.036419
 0.6000	 0.031280	 0.155904	 0.004747	 0.020922	-0.039620
 0.6250	 	 	 	 	-0.043636
 0.6500	 0.039741	 0.189283	 0.005841	 0.023698	-0.047366
 0.6750	 	 	 	 	-0.051942
 0.7000	 0.050016	 0.229599	 0.007070	 0.026469	-0.056127
 0.7250	 	 	 	 	-0.061098
 0.7500	 0.062241	 0.268832	 0.008422	 0.028717	-0.065530
 0.7750	 	 	 	 	-0.070859
 0.8000	 0.076237	 0.302052	 0.009867	 0.030320	-0.075444
 0.8250	 	 	 	 	-0.081232
 0.8500	 0.091704	 0.328965	 0.011377	 0.031392	-0.086025
 0.8750	 	 	 	 	-0.090723
 0.9000	 0.108273	 0.347330	 0.012925	 0.031933	-0.094239
 0.9250	 	 	 	 	-0.097809
 0.9500	 0.125508	 0.356788	 0.014490	 0.032124	-0.099998
 0.9750	 	 	 	 	-0.103429
 1.0000	 0.143075	 0.360955	 0.016060	 0.032185	-0.104604


 -------- Mode No.   2  (freq = 0.10952E+01 Hz)

span_loc	flap disp	flap slope	lag disp	lag slope	twist

 0.0000	 0.000000	 0.000000	 0.000000	 0.000000	 0.000000
 0.0250	 	 	 	 	 0.000005
 0.0500	 0.000021	 0.000859	-0.000215	-0.008700	 0.000010
 0.0750	 	 	 	 	 0.000020
 0.1000	 0.000080	 0.001567	-0.000943	-0.020926	 0.000030
 0.1250	 	 	 	 	 0.000050
 0.1500	 0.000185	 0.002701	-0.002446	-0.040384	 0.000069
 0.1750	 	 	 	 	 0.000094
 0.2000	 0.000331	 0.003305	-0.004875	-0.058804	 0.000117
 0.2250	 	 	 	 	 0.000208
 0.2500	 0.000501	 0.003787	-0.008286	-0.080501	 0.000285
 0.2750	 	 	 	 	 0.000403
 0.3000	 0.000707	 0.004741	-0.012769	-0.102721	 0.000483
 0.3250	 	 	 	 	 0.000522
 0.3500	 0.000969	 0.006044	-0.018315	-0.124003	 0.000507
 0.3750	 	 	 	 	 0.000423
 0.4000	 0.001302	 0.007716	-0.024870	-0.144039	 0.000271
 0.4250	 	 	 	 	 0.000027
 0.4500	 0.001732	 0.009985	-0.032379	-0.163077	-0.000292
 0.4750	 	 	 	 	-0.000730
 0.5000	 0.002299	 0.013347	-0.040808	-0.181670	-0.001240
 0.5250	 	 	 	 	-0.001922
 0.5500	 0.003069	 0.018254	-0.050115	-0.199018	-0.002670
 0.5750	 	 	 	 	-0.003695
 0.6000	 0.004135	 0.025399	-0.060262	-0.216057	-0.004764
 0.6250	 	 	 	 	-0.006227
 0.6500	 0.005624	 0.035428	-0.071248	-0.233250	-0.007686
 0.6750	 	 	 	 	-0.009583
 0.7000	 0.007696	 0.049029	-0.083042	-0.249157	-0.011401
 0.7250	 	 	 	 	-0.013643
 0.7500	 0.010460	 0.063446	-0.095569	-0.263214	-0.015697
 0.7750	 	 	 	 	-0.018213
 0.8000	 0.013894	 0.076370	-0.108742	-0.275562	-0.020399
 0.8250	 	 	 	 	-0.023168
 0.8500	 0.017914	 0.087270	-0.122482	-0.286309	-0.025454
 0.8750	 	 	 	 	-0.027678
 0.9000	 0.022385	 0.094887	-0.136637	-0.292791	-0.029319
 0.9250	 	 	 	 	-0.030953
 0.9500	 0.027136	 0.098882	-0.151022	-0.295952	-0.031930
 0.9750	 	 	 	 	-0.033414
 1.0000	 0.032027	 0.100647	-0.165519	-0.297341	-0.033912


 -------- Mode No.   3  (freq = 0.19254E+01 Hz)

span_loc	flap disp	flap slope	lag disp	lag slope	twist

 0.0000	 0.000000	 0.000000	 0.000000	 0.000000	 0.000000
 0.0250	 	 	 	 	 0.000183
 0.0500	-0.000087	-0.003498	 0.000000	-0.000015	 0.000366
 0.0750	 	 	 	 	 0.000710
 0.1000	-0.000409	-0.009510	-0.000010	-0.000351	 0.001053
 0.1250	 	 	 	 	 0.001766
 0.1500	-0.001099	-0.018517	-0.000039	-0.000836	 0.002476
 0.1750	 	 	 	 	 0.003435
 0.2000	-0.002231	-0.027547	-0.000097	-0.001509	 0.004383
 0.2250	 	 	 	 	 0.008580
 0.2500	-0.003861	-0.038739	-0.000196	-0.002429	 0.012691
 0.2750	 	 	 	 	 0.020530
 0.3000	-0.006014	-0.048903	-0.000333	-0.003104	 0.028115
 0.3250	 	 	 	 	 0.036202
 0.3500	-0.008611	-0.056849	-0.000495	-0.003471	 0.043894
 0.3750	 	 	 	 	 0.051935
 0.4000	-0.011532	-0.062105	-0.000667	-0.003504	 0.059414
 0.4250	 	 	 	 	 0.066985
 0.4500	-0.014623	-0.063754	-0.000831	-0.003110	 0.073845
 0.4750	 	 	 	 	 0.080718
 0.5000	-0.017661	-0.059768	-0.000960	-0.002099	 0.086720
 0.5250	 	 	 	 	 0.092770
 0.5500	-0.020288	-0.046949	-0.001019	-0.000289	 0.097765
 0.5750	 	 	 	 	 0.102834
 0.6000	-0.021970	-0.021165	-0.000965	 0.002495	 0.106601
 0.6250	 	 	 	 	 0.110023
 0.6500	-0.021940	 0.022626	-0.000748	 0.006302	 0.111957
 0.6750	 	 	 	 	 0.112757
 0.7000	-0.019124	 0.091887	-0.000318	 0.011099	 0.112041
 0.7250	 	 	 	 	 0.109416
 0.7500	-0.012531	 0.175639	 0.000347	 0.015824	 0.105478
 0.7750	 	 	 	 	 0.098793
 0.8000	-0.001783	 0.260346	 0.001223	 0.019752	 0.091383
 0.8250	 	 	 	 	 0.079988
 0.8500	 0.013014	 0.339634	 0.002268	 0.022692	 0.069006
 0.8750	 	 	 	 	 0.056729
 0.9000	 0.031267	 0.400720	 0.003423	 0.024310	 0.046442
 0.9250	 	 	 	 	 0.034895
 0.9500	 0.051853	 0.435454	 0.004628	 0.024903	 0.027198
 0.9750	 	 	 	 	 0.014140
 1.0000	 0.073706	 0.451887	 0.005850	 0.025092	 0.009458


 -------- Mode No.   4  (freq = 0.39662E+01 Hz)

span_loc	flap disp	flap slope	lag disp	lag slope	twist

 0.0000	 0.000000	 0.000000	 0.000000	 0.000000	 0.000000
 0.0250	 	 	 	 	-0.000283
 0.0500	 0.000039	 0.001531	 0.000274	 0.010880	-0.000565
 0.0750	 	 	 	 	-0.001097
 0.1000	 0.000199	 0.004868	 0.001152	 0.024545	-0.001627
 0.1250	 	 	 	 	-0.002719
 0.1500	 0.000550	 0.009240	 0.002818	 0.042783	-0.003796
 0.1750	 	 	 	 	-0.005231
 0.2000	 0.001106	 0.013182	 0.005258	 0.056276	-0.006612
 0.2250	 	 	 	 	-0.012529
 0.2500	 0.001843	 0.016462	 0.008292	 0.066835	-0.018098
 0.2750	 	 	 	 	-0.028196
 0.3000	 0.002667	 0.016732	 0.011691	 0.071166	-0.037364
 0.3250	 	 	 	 	-0.046378
 0.3500	 0.003417	 0.013499	 0.015122	 0.068262	-0.054111
 0.3750	 	 	 	 	-0.061183
 0.4000	 0.003910	 0.006323	 0.018229	 0.058053	-0.066688
 0.4250	 	 	 	 	-0.071043
 0.4500	 0.003931	-0.005605	 0.020652	 0.040453	-0.073761
 0.4750	 	 	 	 	-0.075097
 0.5000	 0.003232	-0.022691	 0.022015	 0.014913	-0.074890
 0.5250	 	 	 	 	-0.073070
 0.5500	 0.001583	-0.043792	 0.021960	-0.017231	-0.069983
 0.5750	 	 	 	 	-0.064814
 0.6000	-0.001110	-0.064380	 0.020141	-0.056850	-0.058905
 0.6250	 	 	 	 	-0.050587
 0.6500	-0.004617	-0.075859	 0.016176	-0.104487	-0.042492
 0.6750	 	 	 	 	-0.032681
 0.7000	-0.008161	-0.064929	 0.009788	-0.155399	-0.024394
 0.7250	 	 	 	 	-0.016056
 0.7500	-0.010344	-0.021065	 0.000914	-0.205765	-0.010595
 0.7750	 	 	 	 	-0.007135
 0.8000	-0.009632	 0.050817	-0.010399	-0.254655	-0.007407
 0.8250	 	 	 	 	-0.012411
 0.8500	-0.004861	 0.141020	-0.024070	-0.301385	-0.020594
 0.8750	 	 	 	 	-0.032992
 0.9000	 0.004298	 0.226163	-0.039625	-0.332066	-0.045739
 0.9250	 	 	 	 	-0.062388
 0.9500	 0.016966	 0.282141	-0.056314	-0.348315	-0.074769
 0.9750	 	 	 	 	-0.097797
 1.0000	 0.031789	 0.311144	-0.073593	-0.355939	-0.106459


 -------- Mode No.   5  (freq = 0.43986E+01 Hz)

span_loc	flap disp	flap slope	lag disp	lag slope	twist

 0.0000	 0.000000	 0.000000	 0.000000	 0.000000	 0.000000
 0.0250	 	 	 	 	 0.000449
 0.0500	-0.000136	-0.005375	 0.000046	 0.001816	 0.000898
 0.0750	 	 	 	 	 0.001742
 0.1000	-0.000609	-0.013628	 0.000180	 0.003602	 0.002583
 0.1250	 	 	 	 	 0.004318
 0.1500	-0.001551	-0.024366	 0.000416	 0.005972	 0.006031
 0.1750	 	 	 	 	 0.008313
 0.2000	-0.002965	-0.032834	 0.000746	 0.007455	 0.010515
 0.2250	 	 	 	 	 0.019965
 0.2500	-0.004755	-0.039463	 0.001137	 0.008515	 0.028863
 0.2750	 	 	 	 	 0.044962
 0.3000	-0.006730	-0.040330	 0.001571	 0.009153	 0.059506
 0.3250	 	 	 	 	 0.073678
 0.3500	-0.008575	-0.034237	 0.002023	 0.009244	 0.085641
 0.3750	 	 	 	 	 0.096276
 0.4000	-0.009928	-0.020370	 0.002466	 0.008814	 0.104131
 0.4250	 	 	 	 	 0.109712
 0.4500	-0.010368	 0.002725	 0.002879	 0.007922	 0.112306
 0.4750	 	 	 	 	 0.112035
 0.5000	-0.009411	 0.036135	 0.003233	 0.006354	 0.108860
 0.5250	 	 	 	 	 0.102092
 0.5500	-0.006582	 0.078062	 0.003491	 0.003939	 0.092868
 0.5750	 	 	 	 	 0.078651
 0.6000	-0.001625	 0.121330	 0.003584	-0.000505	 0.062957
 0.6250	 	 	 	 	 0.041110
 0.6500	 0.005177	 0.151195	 0.003375	-0.008392	 0.019736
 0.6750	 	 	 	 	-0.006683
 0.7000	 0.012560	 0.142748	 0.002686	-0.020001	-0.029829
 0.7250	 	 	 	 	-0.054673
 0.7500	 0.017996	 0.072626	 0.001342	-0.034819	-0.073093
 0.7750	 	 	 	 	-0.089148
 0.8000	 0.018518	-0.053424	-0.000775	-0.051087	-0.096432
 0.8250	 	 	 	 	-0.096113
 0.8500	 0.011760	-0.217614	-0.003689	-0.066928	-0.087507
 0.8750	 	 	 	 	-0.069959
 0.9000	-0.003089	-0.376089	-0.007247	-0.077407	-0.049561
 0.9250	 	 	 	 	-0.021032
 0.9500	-0.024509	-0.481493	-0.011177	-0.082437	 0.001086
 0.9750	 	 	 	 	 0.043542
 1.0000	-0.050008	-0.536611	-0.015278	-0.084549	 0.059747


 -------- Mode No.   6  (freq = 0.76105E+01 Hz)

span_loc	flap disp	flap slope	lag disp	lag slope	twist

 0.0000	 0.000000	 0.000000	 0.000000	 0.000000	 0.000000
 0.0250	 	 	 	 	 0.000751
 0.0500	-0.000137	-0.005337	-0.000036	-0.001403	 0.001500
 0.0750	 	 	 	 	 0.002906
 0.1000	-0.000596	-0.012978	-0.000155	-0.003361	 0.004297
 0.1250	 	 	 	 	 0.007141
 0.1500	-0.001451	-0.021167	-0.000376	-0.005455	 0.009907
 0.1750	 	 	 	 	 0.013502
 0.2000	-0.002603	-0.025100	-0.000672	-0.006443	 0.016836
 0.2250	 	 	 	 	 0.030430
 0.2500	-0.003807	-0.022971	-0.000982	-0.005936	 0.042392
 0.2750	 	 	 	 	 0.062107
 0.3000	-0.004700	-0.012580	-0.001219	-0.003584	 0.077699
 0.3250	 	 	 	 	 0.090095
 0.3500	-0.004899	 0.004911	-0.001304	 0.000214	 0.097459
 0.3750	 	 	 	 	 0.100184
 0.4000	-0.004100	 0.027524	-0.001177	 0.004885	 0.097888
 0.4250	 	 	 	 	 0.090648
 0.4500	-0.002120	 0.052099	-0.000815	 0.009691	 0.079797
 0.4750	 	 	 	 	 0.064870
 0.5000	 0.000975	 0.071843	-0.000237	 0.013504	 0.048742
 0.5250	 	 	 	 	 0.029956
 0.5500	 0.004663	 0.075143	 0.000468	 0.014798	 0.013175
 0.5750	 	 	 	 	-0.003972
 0.6000	 0.007785	 0.048688	 0.001145	 0.012420	-0.015288
 0.6250	 	 	 	 	-0.021711
 0.6500	 0.008652	-0.014348	 0.001601	 0.006121	-0.019357
 0.6750	 	 	 	 	-0.005588
 0.7000	 0.005630	-0.103634	 0.001673	-0.002818	 0.016450
 0.7250	 	 	 	 	 0.052540
 0.7500	-0.001099	-0.158243	 0.001323	-0.010751	 0.090987
 0.7750	 	 	 	 	 0.140767
 0.8000	-0.008370	-0.123903	 0.000651	-0.016032	 0.182011
 0.8250	 	 	 	 	 0.226099
 0.8500	-0.011198	 0.016440	-0.000225	-0.019397	 0.251128
 0.8750	 	 	 	 	 0.259253
 0.9000	-0.005223	 0.219285	-0.001213	-0.020942	 0.249579
 0.9250	 	 	 	 	 0.220539
 0.9500	 0.010260	 0.387627	-0.002271	-0.022275	 0.190217
 0.9750	 	 	 	 	 0.120137
 1.0000	 0.032766	 0.487091	-0.003394	-0.023280	 0.091140


 -------- Mode No.   7  (freq = 0.92544E+01 Hz)

span_loc	flap disp	flap slope	lag disp	lag slope	twist

 0.0000	 0.000000	 0.000000	 0.000000	 0.000000	 0.000000
 0.0250	 	 	 	 	-0.000049
 0.0500	-0.000099	-0.003849	 0.000493	 0.019232	-0.000098
 0.0750	 	 	 	 	-0.000190
 0.1000	-0.000388	-0.007735	 0.001963	 0.039516	-0.000279
 0.1250	 	 	 	 	-0.000458
 0.1500	-0.000875	-0.011789	 0.004448	 0.059898	-0.000625
 0.1750	 	 	 	 	-0.000825
 0.2000	-0.001499	-0.013420	 0.007592	 0.066676	-0.000987
 0.2250	 	 	 	 	-0.001563
 0.2500	-0.002151	-0.012810	 0.010728	 0.059442	-0.002067
 0.2750	 	 	 	 	-0.003074
 0.3000	-0.002696	-0.009062	 0.013126	 0.036891	-0.004242
 0.3250	 	 	 	 	-0.005869
 0.3500	-0.002983	-0.002349	 0.014115	 0.002592	-0.007979
 0.3750	 	 	 	 	-0.010998
 0.4000	-0.002878	 0.006771	 0.013244	-0.038246	-0.014790
 0.4250	 	 	 	 	-0.019838
 0.4500	-0.002279	 0.017581	 0.010324	-0.080161	-0.025686
 0.4750	 	 	 	 	-0.032988
 0.5000	-0.001136	 0.028475	 0.005436	-0.117639	-0.040713
 0.5250	 	 	 	 	-0.049882
 0.5500	 0.000458	 0.035346	-0.000980	-0.141869	-0.058493
 0.5750	 	 	 	 	-0.068058
 0.6000	 0.002155	 0.032157	-0.008121	-0.146518	-0.075362
 0.6250	 	 	 	 	-0.081400
 0.6500	 0.003288	 0.012546	-0.014789	-0.122203	-0.083236
 0.6750	 	 	 	 	-0.080036
 0.7000	 0.002973	-0.024833	-0.019404	-0.063307	-0.071841
 0.7250	 	 	 	 	-0.055899
 0.7500	 0.000830	-0.058224	-0.020263	 0.029410	-0.036989
 0.7750	 	 	 	 	-0.010238
 0.8000	-0.002227	-0.059973	-0.015768	 0.152095	 0.013992
 0.8250	 	 	 	 	 0.042994
 0.8500	-0.004216	-0.016349	-0.004607	 0.296737	 0.062853
 0.8750	 	 	 	 	 0.075333
 0.9000	-0.003088	 0.060475	 0.012882	 0.407786	 0.077380
 0.9250	 	 	 	 	 0.070130
 0.9500	 0.001794	 0.128925	 0.034684	 0.472523	 0.059379
 0.9750	 	 	 	 	 0.030835
 1.0000	 0.009603	 0.171095	 0.058915	 0.504669	 0.018445


 -------- Mode No.   8  (freq = 0.11616E+02 Hz)

span_loc	flap disp	flap slope	lag disp	lag slope	twist

 0.0000	 0.000000	 0.000000	 0.000000	 0.000000	 0.000000
 0.0250	 	 	 	 	 0.000367
 0.0500	-0.000070	-0.002694	-0.000010	-0.000370	 0.000731
 0.0750	 	 	 	 	 0.001410
 0.1000	-0.000294	-0.006174	-0.000042	-0.000924	 0.002074
 0.1250	 	 	 	 	 0.003400
 0.1500	-0.000680	-0.009130	-0.000101	-0.001376	 0.004642
 0.1750	 	 	 	 	 0.006148
 0.2000	-0.001142	-0.009306	-0.000170	-0.001369	 0.007384
 0.2250	 	 	 	 	 0.011548
 0.2500	-0.001518	-0.005562	-0.000222	-0.000687	 0.014170
 0.2750	 	 	 	 	 0.016031
 0.3000	-0.001619	 0.001605	-0.000227	 0.000493	 0.014575
 0.3250	 	 	 	 	 0.009432
 0.3500	-0.001332	 0.009891	-0.000171	 0.001747	 0.001224
 0.3750	 	 	 	 	-0.010554
 0.4000	-0.000667	 0.016521	-0.000060	 0.002629	-0.024004
 0.4250	 	 	 	 	-0.039491
 0.4500	 0.000209	 0.018084	 0.000074	 0.002685	-0.054438
 0.4750	 	 	 	 	-0.069486
 0.5000	 0.000943	 0.010720	 0.000181	 0.001542	-0.081835
 0.5250	 	 	 	 	-0.092541
 0.5500	 0.001039	-0.007180	 0.000201	-0.000717	-0.099123
 0.5750	 	 	 	 	-0.102602
 0.6000	 0.000082	-0.030335	 0.000098	-0.003273	-0.102165
 0.6250	 	 	 	 	-0.098332
 0.6500	-0.001834	-0.043862	-0.000107	-0.004683	-0.093776
 0.6750	 	 	 	 	-0.089748
 0.7000	-0.003698	-0.027239	-0.000319	-0.003623	-0.090278
 0.7250	 	 	 	 	-0.098866
 0.7500	-0.003894	 0.019706	-0.000421	-0.000510	-0.115410
 0.7750	 	 	 	 	-0.146769
 0.8000	-0.001800	 0.058920	-0.000360	 0.002712	-0.182304
 0.8250	 	 	 	 	-0.234415
 0.8500	 0.001033	 0.046269	-0.000166	 0.004849	-0.278466
 0.8750	 	 	 	 	-0.317031
 0.9000	 0.001478	-0.031811	 0.000091	 0.005536	-0.337676
 0.9250	 	 	 	 	-0.345496
 0.9500	-0.002631	-0.125022	 0.000372	 0.005956	-0.340073
 0.9750	 	 	 	 	-0.311114
 1.0000	-0.011045	-0.189535	 0.000677	 0.006356	-0.296403


 -------- Mode No.   9  (freq = 0.12941E+02 Hz)

span_loc	flap disp	flap slope	lag disp	lag slope	twist

 0.0000	 0.000000	 0.000000	 0.000000	 0.000000	 0.000000
 0.0250	 	 	 	 	 0.000125
 0.0500	-0.000002	-0.000059	 0.000000	 0.000002	 0.000250
 0.0750	 	 	 	 	 0.000482
 0.1000	-0.000006	-0.000084	 0.000000	 0.000009	 0.000711
 0.1250	 	 	 	 	 0.001178
 0.1500	-0.000007	 0.000028	 0.000001	 0.000036	 0.001636
 0.1750	 	 	 	 	 0.002242
 0.2000	 0.000001	 0.000335	 0.000004	 0.000089	 0.002828
 0.2250	 	 	 	 	 0.005374
 0.2500	 0.000033	 0.001022	 0.000011	 0.000194	 0.007821
 0.2750	 	 	 	 	 0.012379
 0.3000	 0.000107	 0.001990	 0.000024	 0.000322	 0.016662
 0.3250	 	 	 	 	 0.021078
 0.3500	 0.000230	 0.003041	 0.000043	 0.000436	 0.025157
 0.3750	 	 	 	 	 0.029358
 0.4000	 0.000402	 0.003913	 0.000066	 0.000494	 0.033313
 0.4250	 	 	 	 	 0.037535
 0.4500	 0.000605	 0.004257	 0.000089	 0.000445	 0.041774
 0.4750	 	 	 	 	 0.046730
 0.5000	 0.000802	 0.003680	 0.000106	 0.000248	 0.052025
 0.5250	 	 	 	 	 0.058768
 0.5500	 0.000944	 0.002111	 0.000111	-0.000071	 0.065999
 0.5750	 	 	 	 	 0.075799
 0.6000	 0.000999	 0.000348	 0.000098	-0.000408	 0.085907
 0.6250	 	 	 	 	 0.099536
 0.6500	 0.001001	 0.000222	 0.000073	-0.000592	 0.112793
 0.6750	 	 	 	 	 0.129455
 0.7000	 0.001087	 0.003707	 0.000045	-0.000486	 0.144737
 0.7250	 	 	 	 	 0.162698
 0.7500	 0.001410	 0.009177	 0.000029	-0.000205	 0.178479
 0.7750	 	 	 	 	 0.197364
 0.8000	 0.001935	 0.011268	 0.000025	 0.000021	 0.213937
 0.8250	 	 	 	 	 0.235976
 0.8500	 0.002380	 0.005866	 0.000029	 0.000119	 0.255738
 0.8750	 	 	 	 	 0.277368
 0.9000	 0.002378	-0.005736	 0.000035	 0.000124	 0.295829
 0.9250	 	 	 	 	 0.317416
 0.9500	 0.001799	-0.016319	 0.000042	 0.000155	 0.332496
 0.9750	 	 	 	 	 0.359642
 1.0000	 0.000745	-0.023579	 0.000051	 0.000190	 0.369672


 -------- Mode No.  10  (freq = 0.16365E+02 Hz)

span_loc	flap disp	flap slope	lag disp	lag slope	twist

 0.0000	 0.000000	 0.000000	 0.000000	 0.000000	 0.000000
 0.0250	 	 	 	 	-0.001690
 0.0500	 0.000193	 0.007364	 0.000130	 0.004961	-0.003364
 0.0750	 	 	 	 	-0.006454
 0.1000	 0.000788	 0.015922	 0.000504	 0.009802	-0.009430
 0.1250	 	 	 	 	-0.015242
 0.1500	 0.001714	 0.020373	 0.001070	 0.012450	-0.020508
 0.1750	 	 	 	 	-0.026543
 0.2000	 0.002619	 0.015290	 0.001636	 0.010020	-0.031010
 0.2250	 	 	 	 	-0.043514
 0.2500	 0.002959	-0.002132	 0.001939	 0.001954	-0.048288
 0.2750	 	 	 	 	-0.042703
 0.3000	 0.002306	-0.023703	 0.001770	-0.008747	-0.024090
 0.3250	 	 	 	 	 0.007680
 0.3500	 0.000748	-0.037462	 0.001102	-0.017823	 0.045653
 0.3750	 	 	 	 	 0.088805
 0.4000	-0.001067	-0.033426	 0.000109	-0.021734	 0.126889
 0.4250	 	 	 	 	 0.158090
 0.4500	-0.002090	-0.006127	-0.000898	-0.018454	 0.175177
 0.4750	 	 	 	 	 0.177360
 0.5000	-0.001267	 0.038278	-0.001562	-0.008330	 0.164277
 0.5250	 	 	 	 	 0.135171
 0.5500	 0.001619	 0.072538	-0.001639	 0.004656	 0.099528
 0.5750	 	 	 	 	 0.055053
 0.6000	 0.004994	 0.055320	-0.001121	 0.015387	 0.021480
 0.6250	 	 	 	 	-0.000473
 0.6500	 0.005679	-0.030142	-0.000216	 0.020609	 0.003548
 0.6750	 	 	 	 	 0.039368
 0.7000	 0.001462	-0.125345	 0.000785	 0.019998	 0.092896
 0.7250	 	 	 	 	 0.166080
 0.7500	-0.004455	-0.090145	 0.001690	 0.016647	 0.220262
 0.7750	 	 	 	 	 0.249067
 0.8000	-0.004877	 0.075036	 0.002280	 0.006343	 0.227851
 0.8250	 	 	 	 	 0.138229
 0.8500	 0.002342	 0.183181	 0.002008	-0.018283	 0.026309
 0.8750	 	 	 	 	-0.097332
 0.9000	 0.008532	 0.032274	 0.000369	-0.047210	-0.171884
 0.9250	 	 	 	 	-0.196256
 0.9500	 0.001744	-0.286520	-0.002534	-0.067872	-0.160254
 0.9750	 	 	 	 	 0.012364
 1.0000	-0.021762	-0.554478	-0.006237	-0.078621	 0.100084


 -------- Mode No.  11  (freq = 0.16853E+02 Hz)

span_loc	flap disp	flap slope	lag disp	lag slope	twist

 0.0000	 0.000000	 0.000000	 0.000000	 0.000000	 0.000000
 0.0250	 	 	 	 	-0.000893
 0.0500	 0.000241	 0.009185	-0.000523	-0.020004	-0.001777
 0.0750	 	 	 	 	-0.003407
 0.1000	 0.000938	 0.018295	-0.001967	-0.037098	-0.004973
 0.1250	 	 	 	 	-0.008021
 0.1500	 0.001993	 0.023218	-0.004084	-0.046471	-0.010766
 0.1750	 	 	 	 	-0.013873
 0.2000	 0.003048	 0.018612	-0.006222	-0.038616	-0.016105
 0.2250	 	 	 	 	-0.021766
 0.2500	 0.003590	 0.002556	-0.007532	-0.013250	-0.022705
 0.2750	 	 	 	 	-0.015036
 0.3000	 0.003177	-0.018996	-0.007292	 0.023446	 0.001085
 0.3250	 	 	 	 	 0.026259
 0.3500	 0.001791	-0.035745	-0.005215	 0.060191	 0.055472
 0.3750	 	 	 	 	 0.088374
 0.4000	-0.000097	-0.038647	-0.001571	 0.086057	 0.117460
 0.4250	 	 	 	 	 0.141525
 0.4500	-0.001634	-0.021814	 0.002883	 0.092329	 0.154956
 0.4750	 	 	 	 	 0.156900
 0.5000	-0.001853	 0.012797	 0.007009	 0.072449	 0.146521
 0.5250	 	 	 	 	 0.122386
 0.5500	-0.000274	 0.047303	 0.009487	 0.026196	 0.091277
 0.5750	 	 	 	 	 0.049463
 0.6000	 0.002304	 0.050454	 0.009088	-0.042391	 0.013410
 0.6250	 	 	 	 	-0.019665
 0.6500	 0.003690	 0.001929	 0.005061	-0.117483	-0.033310
 0.6750	 	 	 	 	-0.026081
 0.7000	 0.001805	-0.070303	-0.002033	-0.163086	-0.000565
 0.7250	 	 	 	 	 0.043737
 0.7500	-0.002030	-0.068268	-0.009850	-0.145554	 0.082782
 0.7750	 	 	 	 	 0.112678
 0.8000	-0.003107	 0.029216	-0.014791	-0.048950	 0.111540
 0.8250	 	 	 	 	 0.069619
 0.8500	 0.000814	 0.109333	-0.012908	 0.124438	 0.008094
 0.8750	 	 	 	 	-0.065132
 0.9000	 0.004836	 0.028880	-0.002422	 0.292131	-0.111274
 0.9250	 	 	 	 	-0.127112
 0.9500	 0.001056	-0.170917	 0.015125	 0.406338	-0.104153
 0.9750	 	 	 	 	 0.008201
 1.0000	-0.013457	-0.344712	 0.037236	 0.469359	 0.065689


 -------- Mode No.  12  (freq = 0.21514E+02 Hz)

span_loc	flap disp	flap slope	lag disp	lag slope	twist

 0.0000	 0.000000	 0.000000	 0.000000	 0.000000	 0.000000
 0.0250	 	 	 	 	-0.001452
 0.0500	 0.000078	 0.002856	 0.000407	 0.015756	-0.002880
 0.0750	 	 	 	 	-0.005479
 0.1000	 0.000346	 0.007360	 0.001425	 0.024679	-0.007917
 0.1250	 	 	 	 	-0.012478
 0.1500	 0.000833	 0.011475	 0.002398	 0.013480	-0.016320
 0.1750	 	 	 	 	-0.020113
 0.2000	 0.001376	 0.009942	 0.002502	-0.010106	-0.022014
 0.2250	 	 	 	 	-0.021944
 0.2500	 0.001587	-0.001319	 0.001477	-0.031954	-0.014056
 0.2750	 	 	 	 	 0.014318
 0.3000	 0.001202	-0.012586	-0.000283	-0.039501	 0.050686
 0.3250	 	 	 	 	 0.093444
 0.3500	 0.000502	-0.013400	-0.001945	-0.028233	 0.131532
 0.3750	 	 	 	 	 0.162218
 0.4000	 0.000119	-0.000553	-0.002656	-0.001825	 0.177083
 0.4250	 	 	 	 	 0.175294
 0.4500	 0.000595	 0.018997	-0.001884	 0.030409	 0.158275
 0.4750	 	 	 	 	 0.127929
 0.5000	 0.001817	 0.026765	 0.000339	 0.055348	 0.094488
 0.5250	 	 	 	 	 0.059826
 0.5500	 0.002649	 0.003189	 0.003276	 0.058893	 0.037050
 0.5750	 	 	 	 	 0.027148
 0.6000	 0.001592	-0.043452	 0.005696	 0.035101	 0.034763
 0.6250	 	 	 	 	 0.059477
 0.6500	-0.001221	-0.059302	 0.006299	-0.012599	 0.084618
 0.6750	 	 	 	 	 0.102107
 0.7000	-0.002680	 0.008057	 0.004356	-0.065321	 0.093351
 0.7250	 	 	 	 	 0.046879
 0.7500	-0.000075	 0.082616	 0.000177	-0.100975	-0.019667
 0.7750	 	 	 	 	-0.109291
 0.8000	 0.003229	 0.030519	-0.004871	-0.098323	-0.167671
 0.8250	 	 	 	 	-0.188979
 0.8500	 0.001197	-0.102317	-0.008189	-0.030293	-0.154429
 0.8750	 	 	 	 	-0.075855
 0.9000	-0.004439	-0.088276	-0.006934	 0.079781	-0.008396
 0.9250	 	 	 	 	 0.030989
 0.9500	-0.003412	 0.129519	-0.000216	 0.182494	 0.008057
 0.9750	 	 	 	 	-0.155559
 1.0000	 0.011103	 0.362213	 0.011136	 0.254981	-0.244965


 -------- Mode No.  13  (freq = 0.21645E+02 Hz)

span_loc	flap disp	flap slope	lag disp	lag slope	twist

 0.0000	 0.000000	 0.000000	 0.000000	 0.000000	 0.000000
 0.0250	 	 	 	 	-0.002126
 0.0500	 0.000213	 0.008014	 0.000044	 0.001637	-0.004217
 0.0750	 	 	 	 	-0.008025
 0.1000	 0.000828	 0.015874	 0.000171	 0.003295	-0.011607
 0.1250	 	 	 	 	-0.018354
 0.1500	 0.001677	 0.017055	 0.000347	 0.003522	-0.024128
 0.1750	 	 	 	 	-0.030067
 0.2000	 0.002309	 0.007565	 0.000475	 0.001442	-0.033498
 0.2250	 	 	 	 	-0.037542
 0.2500	 0.002179	-0.012620	 0.000439	-0.002780	-0.031170
 0.2750	 	 	 	 	-0.001343
 0.3000	 0.001116	-0.028378	 0.000214	-0.005919	 0.039385
 0.3250	 	 	 	 	 0.088170
 0.3500	-0.000300	-0.026024	-0.000083	-0.005567	 0.131169
 0.3750	 	 	 	 	 0.163920
 0.4000	-0.001045	-0.002476	-0.000263	-0.001480	 0.176083
 0.4250	 	 	 	 	 0.165819
 0.4500	-0.000300	 0.030863	-0.000190	 0.004151	 0.135965
 0.4750	 	 	 	 	 0.088476
 0.5000	 0.001745	 0.045939	 0.000110	 0.007180	 0.038233
 0.5250	 	 	 	 	-0.012311
 0.5500	 0.003352	 0.013020	 0.000408	 0.004163	-0.044020
 0.5750	 	 	 	 	-0.054636
 0.6000	 0.002184	-0.057417	 0.000425	-0.003145	-0.037896
 0.6250	 	 	 	 	 0.007890
 0.6500	-0.001795	-0.087831	 0.000127	-0.007666	 0.055860
 0.6750	 	 	 	 	 0.097391
 0.7000	-0.004203	 0.002726	-0.000181	-0.004079	 0.099904
 0.7250	 	 	 	 	 0.049084
 0.7500	-0.000832	 0.113873	-0.000225	 0.001404	-0.035971
 0.7750	 	 	 	 	-0.157944
 0.8000	 0.003928	 0.048530	-0.000140	 0.001145	-0.241158
 0.8250	 	 	 	 	-0.276297
 0.8500	 0.001352	-0.139538	-0.000142	-0.000583	-0.232826
 0.8750	 	 	 	 	-0.126706
 0.9000	-0.006519	-0.125208	-0.000111	 0.002592	-0.034580
 0.9250	 	 	 	 	 0.017460
 0.9500	-0.005096	 0.183600	 0.000152	 0.007336	-0.018565
 0.9750	 	 	 	 	-0.260136
 1.0000	 0.015624	 0.517698	 0.000598	 0.009733	-0.391295


 -------- Mode No.  14  (freq = 0.26835E+02 Hz)

span_loc	flap disp	flap slope	lag disp	lag slope	twist

 0.0000	 0.000000	 0.000000	 0.000000	 0.000000	 0.000000
 0.0250	 	 	 	 	-0.001593
 0.0500	 0.000088	 0.003267	 0.000320	 0.011958	-0.003146
 0.0750	 	 	 	 	-0.005922
 0.1000	 0.000345	 0.006554	 0.001145	 0.020143	-0.008444
 0.1250	 	 	 	 	-0.012919
 0.1500	 0.000669	 0.005813	 0.002148	 0.018694	-0.016355
 0.1750	 	 	 	 	-0.019054
 0.2000	 0.000820	 0.000049	 0.002777	 0.005821	-0.019301
 0.2250	 	 	 	 	-0.010148
 0.2500	 0.000602	-0.007817	 0.002532	-0.015566	 0.006713
 0.2750	 	 	 	 	 0.048770
 0.3000	 0.000208	-0.006112	 0.001296	-0.033060	 0.090844
 0.3250	 	 	 	 	 0.128115
 0.3500	 0.000228	 0.008129	-0.000472	-0.036581	 0.149005
 0.3750	 	 	 	 	 0.151248
 0.4000	 0.001078	 0.024902	-0.001999	-0.023772	 0.135496
 0.4250	 	 	 	 	 0.106618
 0.4500	 0.002420	 0.025649	-0.002587	 0.000256	 0.077492
 0.4750	 	 	 	 	 0.055599
 0.5000	 0.003056	-0.002498	-0.001910	 0.026193	 0.052130
 0.5250	 	 	 	 	 0.071439
 0.5500	 0.001888	-0.040523	-0.000170	 0.042519	 0.107792
 0.5750	 	 	 	 	 0.161785
 0.6000	-0.000248	-0.035973	 0.001990	 0.042696	 0.204907
 0.6250	 	 	 	 	 0.230701
 0.6500	-0.000416	 0.030253	 0.003593	 0.019627	 0.219202
 0.6750	 	 	 	 	 0.165378
 0.7000	 0.002445	 0.065305	 0.003482	-0.025096	 0.100877
 0.7250	 	 	 	 	 0.038466
 0.7500	 0.003570	-0.030701	 0.001026	-0.070504	 0.021523
 0.7750	 	 	 	 	 0.057052
 0.8000	-0.000320	-0.100138	-0.002829	-0.077263	 0.113107
 0.8250	 	 	 	 	 0.163814
 0.8500	-0.002875	 0.014880	-0.005269	-0.014881	 0.140305
 0.8750	 	 	 	 	 0.022542
 0.9000	 0.001152	 0.106947	-0.003545	 0.082400	-0.124756
 0.9250	 	 	 	 	-0.288895
 0.9500	 0.002367	-0.081219	 0.002755	 0.163173	-0.345441
 0.9750	 	 	 	 	-0.266678
 1.0000	-0.011428	-0.363274	 0.012514	 0.213116	-0.189512


 -------- Mode No.  15  (freq = 0.27059E+02 Hz)

span_loc	flap disp	flap slope	lag disp	lag slope	twist

 0.0000	 0.000000	 0.000000	 0.000000	 0.000000	 0.000000
 0.0250	 	 	 	 	-0.001069
 0.0500	 0.000156	 0.005833	-0.000114	-0.004274	-0.002110
 0.0750	 	 	 	 	-0.003965
 0.1000	 0.000583	 0.010671	-0.000399	-0.006870	-0.005636
 0.1250	 	 	 	 	-0.008540
 0.1500	 0.001120	 0.010028	-0.000741	-0.006386	-0.010659
 0.1750	 	 	 	 	-0.012028
 0.2000	 0.001444	 0.002693	-0.000965	-0.002355	-0.011493
 0.2250	 	 	 	 	-0.000903
 0.2500	 0.001280	-0.008567	-0.000909	 0.004814	 0.016061
 0.2750	 	 	 	 	 0.056958
 0.3000	 0.000732	-0.011619	-0.000475	 0.012653	 0.097717
 0.3250	 	 	 	 	 0.134350
 0.3500	 0.000381	-0.001079	 0.000279	 0.017257	 0.155945
 0.3750	 	 	 	 	 0.160386
 0.4000	 0.000759	 0.015676	 0.001103	 0.015126	 0.147481
 0.4250	 	 	 	 	 0.121264
 0.4500	 0.001768	 0.022038	 0.001614	 0.004692	 0.093053
 0.4750	 	 	 	 	 0.069271
 0.5000	 0.002483	 0.004356	 0.001436	-0.011907	 0.060877
 0.5250	 	 	 	 	 0.071617
 0.5500	 0.001890	-0.025609	 0.000468	-0.025869	 0.098709
 0.5750	 	 	 	 	 0.143010
 0.6000	 0.000425	-0.025748	-0.000890	-0.026812	 0.181635
 0.6250	 	 	 	 	 0.210314
 0.6500	 0.000321	 0.022899	-0.001821	-0.009493	 0.209680
 0.6750	 	 	 	 	 0.176649
 0.7000	 0.002499	 0.049507	-0.001621	 0.016456	 0.132288
 0.7250	 	 	 	 	 0.087509
 0.7500	 0.003263	-0.027552	-0.000311	 0.034092	 0.074933
 0.7750	 	 	 	 	 0.099835
 0.8000	-0.000036	-0.084886	 0.001443	 0.034122	 0.137239
 0.8250	 	 	 	 	 0.162092
 0.8500	-0.002353	 0.006059	 0.002531	 0.007031	 0.124556
 0.8750	 	 	 	 	 0.005378
 0.9000	 0.000616	 0.081430	 0.001747	-0.038738	-0.136519
 0.9250	 	 	 	 	-0.298038
 0.9500	 0.001450	-0.066958	-0.001317	-0.080527	-0.364746
 0.9750	 	 	 	 	-0.340132
 1.0000	-0.009640	-0.291479	-0.006182	-0.106493	-0.291875


 -------- Mode No.  16  (freq = 0.30255E+02 Hz)

span_loc	flap disp	flap slope	lag disp	lag slope	twist

 0.0000	 0.000000	 0.000000	 0.000000	 0.000000	 0.000000
 0.0250	 	 	 	 	-0.000518
 0.0500	 0.000005	 0.000179	-0.000002	-0.000065	-0.001020
 0.0750	 	 	 	 	-0.001917
 0.1000	 0.000014	 0.000109	-0.000007	-0.000140	-0.002745
 0.1250	 	 	 	 	-0.004297
 0.1500	 0.000004	-0.000613	-0.000016	-0.000257	-0.005664
 0.1750	 	 	 	 	-0.007239
 0.2000	-0.000057	-0.001871	-0.000032	-0.000389	-0.008526
 0.2250	 	 	 	 	-0.013307
 0.2500	-0.000194	-0.003698	-0.000056	-0.000533	-0.017321
 0.2750	 	 	 	 	-0.023989
 0.3000	-0.000412	-0.005003	-0.000083	-0.000549	-0.029855
 0.3250	 	 	 	 	-0.035918
 0.3500	-0.000662	-0.005003	-0.000106	-0.000399	-0.042097
 0.3750	 	 	 	 	-0.049634
 0.4000	-0.000877	-0.003719	-0.000119	-0.000139	-0.058068
 0.4250	 	 	 	 	-0.068386
 0.4500	-0.001019	-0.002289	-0.000121	 0.000053	-0.079334
 0.4750	 	 	 	 	-0.091840
 0.5000	-0.001128	-0.002623	-0.000119	-0.000021	-0.103944
 0.5250	 	 	 	 	-0.116923
 0.5500	-0.001322	-0.005385	-0.000127	-0.000322	-0.128147
 0.5750	 	 	 	 	-0.140232
 0.6000	-0.001651	-0.007401	-0.000147	-0.000416	-0.150582
 0.6250	 	 	 	 	-0.163242
 0.6500	-0.001947	-0.003901	-0.000157	 0.000110	-0.175319
 0.6750	 	 	 	 	-0.190304
 0.7000	-0.001939	 0.003492	-0.000129	 0.000935	-0.202204
 0.7250	 	 	 	 	-0.210347
 0.7500	-0.001683	 0.005878	-0.000073	 0.001256	-0.207827
 0.7750	 	 	 	 	-0.188579
 0.8000	-0.001348	 0.009175	-0.000014	 0.001090	-0.156348
 0.8250	 	 	 	 	-0.096462
 0.8500	-0.000538	 0.024769	 0.000028	 0.000579	-0.034431
 0.8750	 	 	 	 	 0.038437
 0.9000	 0.000994	 0.033062	 0.000033	-0.000389	 0.105596
 0.9250	 	 	 	 	 0.195712
 0.9500	 0.002109	 0.010172	-0.000016	-0.001464	 0.272140
 0.9750	 	 	 	 	 0.446223
 1.0000	 0.001338	-0.026378	-0.000111	-0.002133	 0.516653


 -------- Mode No.  17  (freq = 0.33011E+02 Hz)

span_loc	flap disp	flap slope	lag disp	lag slope	twist

 0.0000	 0.000000	 0.000000	 0.000000	 0.000000	 0.000000
 0.0250	 	 	 	 	-0.003152
 0.0500	 0.000210	 0.007711	 0.000051	 0.001868	-0.006185
 0.0750	 	 	 	 	-0.011486
 0.1000	 0.000752	 0.012886	 0.000182	 0.003105	-0.016128
 0.1250	 	 	 	 	-0.023927
 0.1500	 0.001304	 0.007914	 0.000314	 0.001870	-0.029399
 0.1750	 	 	 	 	-0.032740
 0.2000	 0.001358	-0.005866	 0.000324	-0.001498	-0.031412
 0.2250	 	 	 	 	-0.007919
 0.2500	 0.000676	-0.019202	 0.000156	-0.004719	 0.025405
 0.2750	 	 	 	 	 0.093613
 0.3000	-0.000160	-0.011088	-0.000061	-0.003337	 0.144514
 0.3250	 	 	 	 	 0.165527
 0.3500	-0.000096	 0.013631	-0.000106	 0.001544	 0.146789
 0.3750	 	 	 	 	 0.090927
 0.4000	 0.000996	 0.025651	 0.000066	 0.004584	 0.021231
 0.4250	 	 	 	 	-0.045155
 0.4500	 0.001755	 0.000387	 0.000242	 0.001822	-0.080608
 0.4750	 	 	 	 	-0.077453
 0.5000	 0.000594	-0.043252	 0.000176	-0.003997	-0.039964
 0.5250	 	 	 	 	 0.022004
 0.5500	-0.001717	-0.038213	-0.000072	-0.004768	 0.071379
 0.5750	 	 	 	 	 0.089940
 0.6000	-0.001770	 0.036050	-0.000160	 0.001177	 0.056011
 0.6250	 	 	 	 	-0.037789
 0.6500	 0.001155	 0.059147	-0.000003	 0.003495	-0.131508
 0.6750	 	 	 	 	-0.199950
 0.7000	 0.001225	-0.060920	 0.000015	-0.002772	-0.188506
 0.7250	 	 	 	 	-0.095146
 0.7500	-0.003251	-0.078065	-0.000175	-0.002873	 0.001634
 0.7750	 	 	 	 	 0.050750
 0.8000	-0.002661	 0.098643	-0.000115	 0.004793	-0.006505
 0.8250	 	 	 	 	-0.171801
 0.8500	 0.002958	 0.068811	 0.000150	 0.003953	-0.276397
 0.8750	 	 	 	 	-0.231012
 0.9000	-0.000006	-0.153102	 0.000155	-0.002930	-0.046458
 0.9250	 	 	 	 	 0.246289
 0.9500	-0.004483	 0.040297	-0.000058	-0.005043	 0.377270
 0.9750	 	 	 	 	 0.273225
 1.0000	 0.013393	 0.502765	-0.000332	-0.005874	 0.133130


 -------- Mode No.  18  (freq = 0.39207E+02 Hz)

span_loc	flap disp	flap slope	lag disp	lag slope	twist

 0.0000	 0.000000	 0.000000	 0.000000	 0.000000	 0.000000
 0.0250	 	 	 	 	-0.004220
 0.0500	-0.000017	-0.000709	 0.000741	 0.026945	-0.008220
 0.0750	 	 	 	 	-0.015044
 0.1000	-0.000057	-0.001228	 0.002451	 0.038614	-0.020813
 0.1250	 	 	 	 	-0.030111
 0.1500	-0.000187	-0.004219	 0.003995	 0.019578	-0.036346
 0.1750	 	 	 	 	-0.039955
 0.2000	-0.000496	-0.007673	 0.004013	-0.019742	-0.038685
 0.2250	 	 	 	 	-0.018082
 0.2500	-0.000832	-0.003733	 0.001937	-0.060866	 0.005922
 0.2750	 	 	 	 	 0.041033
 0.3000	-0.000635	 0.012263	-0.001407	-0.068662	 0.049065
 0.3250	 	 	 	 	 0.024088
 0.3500	 0.000261	 0.020599	-0.004041	-0.033618	-0.022671
 0.3750	 	 	 	 	-0.075998
 0.4000	 0.000907	 0.001669	-0.004269	 0.024469	-0.106808
 0.4250	 	 	 	 	-0.103053
 0.4500	 0.000127	-0.030697	-0.001773	 0.072310	-0.066679
 0.4750	 	 	 	 	-0.009448
 0.5000	-0.001553	-0.028719	 0.002160	 0.079847	 0.035734
 0.5250	 	 	 	 	 0.050877
 0.5500	-0.001738	 0.021528	 0.005104	 0.033281	 0.022310
 0.5750	 	 	 	 	-0.051033
 0.6000	 0.000099	 0.038005	 0.004602	-0.053475	-0.120452
 0.6250	 	 	 	 	-0.162313
 0.6500	 0.000367	-0.028216	-0.000055	-0.123356	-0.137540
 0.6750	 	 	 	 	-0.046338
 0.7000	-0.001655	-0.025766	-0.005814	-0.093081	 0.036299
 0.7250	 	 	 	 	 0.069429
 0.7500	-0.000091	 0.076170	-0.007240	 0.039133	 0.026568
 0.7750	 	 	 	 	-0.059158
 0.8000	 0.002493	-0.002849	-0.001683	 0.168317	-0.075337
 0.8250	 	 	 	 	 0.036304
 0.8500	-0.000797	-0.084852	 0.006938	 0.149139	 0.181376
 0.8750	 	 	 	 	 0.253907
 0.9000	-0.000796	 0.088614	 0.009398	-0.062903	 0.163042
 0.9250	 	 	 	 	-0.085949
 0.9500	 0.003428	 0.011308	-0.000748	-0.322901	-0.232815
 0.9750	 	 	 	 	-0.209276
 1.0000	-0.008551	-0.358186	-0.023234	-0.511327	-0.100031


 -------- Mode No.  19  (freq = 0.39381E+02 Hz)

span_loc	flap disp	flap slope	lag disp	lag slope	twist

 0.0000	 0.000000	 0.000000	 0.000000	 0.000000	 0.000000
 0.0250	 	 	 	 	 0.004843
 0.0500	-0.000278	-0.010043	 0.000100	 0.003639	 0.009428
 0.0750	 	 	 	 	 0.017211
 0.1000	-0.000939	-0.014827	 0.000324	 0.005113	 0.023689
 0.1250	 	 	 	 	 0.033710
 0.1500	-0.001468	-0.004680	 0.000548	 0.003436	 0.039695
 0.1750	 	 	 	 	 0.041237
 0.2000	-0.001225	 0.014012	 0.000625	-0.000668	 0.035997
 0.2250	 	 	 	 	-0.009188
 0.2500	-0.000185	 0.023716	 0.000428	-0.007609	-0.059428
 0.2750	 	 	 	 	-0.137409
 0.3000	 0.000555	 0.002828	-0.000125	-0.014196	-0.166808
 0.3250	 	 	 	 	-0.134634
 0.3500	-0.000028	-0.022602	-0.000822	-0.012250	-0.055081
 0.3750	 	 	 	 	 0.047530
 0.4000	-0.001023	-0.010838	-0.001106	 0.002046	 0.120232
 0.4250	 	 	 	 	 0.138823
 0.4500	-0.000473	 0.031225	-0.000538	 0.019721	 0.096963
 0.4750	 	 	 	 	 0.010754
 0.5000	 0.001423	 0.033114	 0.000597	 0.022893	-0.068558
 0.5250	 	 	 	 	-0.111137
 0.5500	 0.001375	-0.036234	 0.001315	 0.004741	-0.086885
 0.5750	 	 	 	 	 0.006558
 0.6000	-0.001451	-0.055050	 0.000950	-0.017119	 0.102149
 0.6250	 	 	 	 	 0.160358
 0.6500	-0.001416	 0.058542	-0.000115	-0.023476	 0.121196
 0.6750	 	 	 	 	-0.015494
 0.7000	 0.002656	 0.059537	-0.001114	-0.016494	-0.131292
 0.7250	 	 	 	 	-0.152646
 0.7500	 0.000800	-0.115700	-0.001515	 0.002470	-0.044226
 0.7750	 	 	 	 	 0.150505
 0.8000	-0.003382	-0.000372	-0.000535	 0.035603	 0.221955
 0.8250	 	 	 	 	 0.078931
 0.8500	 0.001716	 0.135041	 0.001501	 0.037358	-0.153646
 0.8750	 	 	 	 	-0.304614
 0.9000	 0.001628	-0.147043	 0.002135	-0.014538	-0.208779
 0.9250	 	 	 	 	 0.117460
 0.9500	-0.005741	-0.035812	-0.000169	-0.072369	 0.295155
 0.9750	 	 	 	 	 0.138337
 1.0000	 0.012305	 0.547952	-0.005142	-0.112793	-0.080064


 -------- Mode No.  20  (freq = 0.45584E+02 Hz)

span_loc	flap disp	flap slope	lag disp	lag slope	twist

 0.0000	 0.000000	 0.000000	 0.000000	 0.000000	 0.000000
 0.0250	 	 	 	 	 0.005805
 0.0500	-0.000043	-0.001399	-0.000003	-0.000063	 0.011210
 0.0750	 	 	 	 	 0.020184
 0.1000	-0.000094	-0.000122	 0.000001	 0.000305	 0.027511
 0.1250	 	 	 	 	 0.039003
 0.1500	 0.000050	 0.006366	 0.000045	 0.001525	 0.046781
 0.1750	 	 	 	 	 0.052225
 0.2000	 0.000546	 0.013126	 0.000151	 0.002590	 0.053332
 0.2250	 	 	 	 	 0.047890
 0.2500	 0.001231	 0.012966	 0.000272	 0.001960	 0.043237
 0.2750	 	 	 	 	 0.048733
 0.3000	 0.001647	 0.003892	 0.000311	-0.000330	 0.074173
 0.3250	 	 	 	 	 0.117632
 0.3500	 0.001695	 0.000189	 0.000261	-0.001233	 0.159970
 0.3750	 	 	 	 	 0.188712
 0.4000	 0.001856	 0.006956	 0.000231	 0.000132	 0.190804
 0.4250	 	 	 	 	 0.170376
 0.4500	 0.002277	 0.007364	 0.000265	 0.000860	 0.144660
 0.4750	 	 	 	 	 0.128280
 0.5000	 0.002237	-0.009558	 0.000268	-0.000876	 0.134016
 0.5250	 	 	 	 	 0.160689
 0.5500	 0.001491	-0.015044	 0.000188	-0.001832	 0.188577
 0.5750	 	 	 	 	 0.202279
 0.6000	 0.001360	 0.009711	 0.000140	-0.000166	 0.184562
 0.6250	 	 	 	 	 0.133197
 0.6500	 0.001927	 0.002513	 0.000132	-0.000875	 0.087519
 0.6750	 	 	 	 	 0.063285
 0.7000	 0.000689	-0.045012	 0.000010	-0.003402	 0.069265
 0.7250	 	 	 	 	 0.073380
 0.7500	-0.000914	-0.008011	-0.000097	-0.000340	 0.031662
 0.7750	 	 	 	 	-0.084628
 0.8000	-0.000441	 0.006242	-0.000034	 0.001903	-0.190855
 0.8250	 	 	 	 	-0.250041
 0.8500	-0.001684	-0.044011	 0.000022	 0.000429	-0.206895
 0.8750	 	 	 	 	-0.111494
 0.9000	-0.001809	 0.054880	 0.000036	 0.000174	-0.062929
 0.9250	 	 	 	 	-0.054038
 0.9500	 0.002292	 0.065629	 0.000004	-0.001611	-0.004629
 0.9750	 	 	 	 	 0.344475
 1.0000	-0.000495	-0.112754	-0.000146	-0.003619	 0.540893
=================================================================================
